<?xml version="1.0" encoding="UTF-8"?>
<coverage generated="1683393741921" clover="3.2.0">
  <project timestamp="1683393741921" name="All files">
    <metrics statements="59" coveredstatements="59" conditionals="20" coveredconditionals="20" methods="14" coveredmethods="14" elements="93" coveredelements="93" complexity="0" loc="59" ncloc="59" packages="1" files="1" classes="1"/>
    <file name="scriptTest.js" path="C:\Users\amand\Desktop\Brainnest-Adv-FD-Course---Game-Collection\Test\scriptTest.js">
      <metrics statements="59" coveredstatements="59" conditionals="20" coveredconditionals="20" methods="14" coveredmethods="14"/>
      <line num="1" count="1" type="stmt"/>
      <line num="2" count="1" type="stmt"/>
      <line num="3" count="1" type="stmt"/>
      <line num="5" count="1" type="stmt"/>
      <line num="10" count="7" type="stmt"/>
      <line num="11" count="7" type="stmt"/>
      <line num="12" count="7" type="stmt"/>
      <line num="13" count="7" type="stmt"/>
      <line num="14" count="7" type="stmt"/>
      <line num="19" count="7" type="stmt"/>
      <line num="23" count="7" type="stmt"/>
      <line num="27" count="7" type="stmt"/>
      <line num="31" count="7" type="stmt"/>
      <line num="35" count="7" type="stmt"/>
      <line num="40" count="10" type="stmt"/>
      <line num="41" count="10" type="stmt"/>
      <line num="42" count="19" type="stmt"/>
      <line num="44" count="10" type="stmt"/>
      <line num="49" count="7" type="cond" truecount="4" falsecount="0"/>
      <line num="50" count="5" type="stmt"/>
      <line num="52" count="2" type="stmt"/>
      <line num="53" count="2" type="stmt"/>
      <line num="58" count="7" type="cond" truecount="4" falsecount="0"/>
      <line num="59" count="5" type="stmt"/>
      <line num="61" count="2" type="stmt"/>
      <line num="62" count="2" type="stmt"/>
      <line num="67" count="7" type="cond" truecount="4" falsecount="0"/>
      <line num="68" count="6" type="stmt"/>
      <line num="70" count="1" type="stmt"/>
      <line num="71" count="1" type="stmt"/>
      <line num="76" count="7" type="cond" truecount="2" falsecount="0"/>
      <line num="77" count="6" type="stmt"/>
      <line num="79" count="1" type="stmt"/>
      <line num="84" count="7" type="stmt"/>
      <line num="85" count="7" type="stmt"/>
      <line num="86" count="7" type="stmt"/>
      <line num="87" count="7" type="stmt"/>
      <line num="88" count="7" type="stmt"/>
      <line num="89" count="7" type="cond" truecount="2" falsecount="0"/>
      <line num="90" count="6" type="stmt"/>
      <line num="92" count="1" type="stmt"/>
      <line num="93" count="1" type="stmt"/>
      <line num="99" count="4" type="stmt"/>
      <line num="100" count="4" type="stmt"/>
      <line num="101" count="4" type="stmt"/>
      <line num="102" count="4" type="stmt"/>
      <line num="103" count="4" type="stmt"/>
      <line num="105" count="4" type="stmt"/>
      <line num="107" count="4" type="cond" truecount="2" falsecount="0"/>
      <line num="108" count="3" type="stmt"/>
      <line num="109" count="3" type="stmt"/>
      <line num="110" count="3" type="stmt"/>
      <line num="112" count="1" type="stmt"/>
      <line num="117" count="6" type="cond" truecount="2" falsecount="0"/>
      <line num="118" count="1" type="stmt"/>
      <line num="119" count="1" type="stmt"/>
      <line num="121" count="5" type="stmt"/>
      <line num="125" count="1" type="stmt"/>
      <line num="127" count="1" type="stmt"/>
    </file>
  </project>
</coverage>
