{"C:\\Users\\amand\\Desktop\\Brainnest-Adv-FD-Course---Game-Collection\\Test\\scriptTest.js": {"path":"C:\\Users\\amand\\Desktop\\Brainnest-Adv-FD-Course---Game-Collection\\Test\\scriptTest.js","statementMap":{"0":{"start":{"line":1,"column":15},"end":{"line":1,"column":35}},"1":{"start":{"line":2,"column":15},"end":{"line":2,"column":22}},"2":{"start":{"line":3,"column":12},"end":{"line":3,"column":13}},"3":{"start":{"line":5,"column":21},"end":{"line":5,"column":23}},"4":{"start":{"line":10,"column":8},"end":{"line":10,"column":51}},"5":{"start":{"line":11,"column":8},"end":{"line":11,"column":57}},"6":{"start":{"line":12,"column":8},"end":{"line":12,"column":51}},"7":{"start":{"line":13,"column":8},"end":{"line":13,"column":53}},"8":{"start":{"line":14,"column":8},"end":{"line":14,"column":59}},"9":{"start":{"line":19,"column":8},"end":{"line":19,"column":28}},"10":{"start":{"line":23,"column":8},"end":{"line":23,"column":34}},"11":{"start":{"line":27,"column":8},"end":{"line":27,"column":28}},"12":{"start":{"line":31,"column":8},"end":{"line":31,"column":30}},"13":{"start":{"line":35,"column":8},"end":{"line":35,"column":36}},"14":{"start":{"line":40,"column":18},"end":{"line":40,"column":34}},"15":{"start":{"line":41,"column":8},"end":{"line":43,"column":9}},"16":{"start":{"line":41,"column":20},"end":{"line":41,"column":21}},"17":{"start":{"line":42,"column":12},"end":{"line":42,"column":70}},"18":{"start":{"line":44,"column":8},"end":{"line":44,"column":29}},"19":{"start":{"line":49,"column":8},"end":{"line":54,"column":9}},"20":{"start":{"line":50,"column":12},"end":{"line":50,"column":57}},"21":{"start":{"line":52,"column":12},"end":{"line":52,"column":22}},"22":{"start":{"line":53,"column":12},"end":{"line":53,"column":19}},"23":{"start":{"line":58,"column":8},"end":{"line":63,"column":9}},"24":{"start":{"line":59,"column":12},"end":{"line":59,"column":60}},"25":{"start":{"line":61,"column":12},"end":{"line":61,"column":22}},"26":{"start":{"line":62,"column":12},"end":{"line":62,"column":19}},"27":{"start":{"line":67,"column":8},"end":{"line":72,"column":9}},"28":{"start":{"line":68,"column":12},"end":{"line":68,"column":25}},"29":{"start":{"line":70,"column":12},"end":{"line":70,"column":22}},"30":{"start":{"line":71,"column":12},"end":{"line":71,"column":19}},"31":{"start":{"line":76,"column":8},"end":{"line":80,"column":9}},"32":{"start":{"line":77,"column":12},"end":{"line":77,"column":24}},"33":{"start":{"line":79,"column":12},"end":{"line":79,"column":25}},"34":{"start":{"line":84,"column":22},"end":{"line":84,"column":32}},"35":{"start":{"line":85,"column":21},"end":{"line":85,"column":54}},"36":{"start":{"line":86,"column":22},"end":{"line":86,"column":62}},"37":{"start":{"line":87,"column":21},"end":{"line":87,"column":40}},"38":{"start":{"line":88,"column":24},"end":{"line":88,"column":50}},"39":{"start":{"line":89,"column":8},"end":{"line":94,"column":9}},"40":{"start":{"line":90,"column":12},"end":{"line":90,"column":29}},"41":{"start":{"line":92,"column":12},"end":{"line":92,"column":22}},"42":{"start":{"line":93,"column":12},"end":{"line":93,"column":19}},"43":{"start":{"line":99,"column":21},"end":{"line":99,"column":26}},"44":{"start":{"line":100,"column":21},"end":{"line":100,"column":29}},"45":{"start":{"line":101,"column":21},"end":{"line":101,"column":26}},"46":{"start":{"line":102,"column":21},"end":{"line":102,"column":27}},"47":{"start":{"line":103,"column":21},"end":{"line":103,"column":30}},"48":{"start":{"line":105,"column":4},"end":{"line":105,"column":18}},"49":{"start":{"line":107,"column":4},"end":{"line":113,"column":5}},"50":{"start":{"line":108,"column":22},"end":{"line":108,"column":78}},"51":{"start":{"line":109,"column":8},"end":{"line":109,"column":36}},"52":{"start":{"line":110,"column":8},"end":{"line":110,"column":30}},"53":{"start":{"line":112,"column":8},"end":{"line":112,"column":21}},"54":{"start":{"line":117,"column":4},"end":{"line":122,"column":5}},"55":{"start":{"line":118,"column":8},"end":{"line":118,"column":33}},"56":{"start":{"line":119,"column":8},"end":{"line":119,"column":21}},"57":{"start":{"line":121,"column":8},"end":{"line":121,"column":20}},"58":{"start":{"line":125,"column":0},"end":{"line":125,"column":10}},"59":{"start":{"line":127,"column":0},"end":{"line":127,"column":57}}},"fnMap":{"0":{"name":"(anonymous_0)","decl":{"start":{"line":9,"column":4},"end":{"line":9,"column":5}},"loc":{"start":{"line":9,"column":59},"end":{"line":15,"column":5}},"line":9},"1":{"name":"(anonymous_1)","decl":{"start":{"line":18,"column":4},"end":{"line":18,"column":5}},"loc":{"start":{"line":18,"column":21},"end":{"line":20,"column":5}},"line":18},"2":{"name":"(anonymous_2)","decl":{"start":{"line":22,"column":4},"end":{"line":22,"column":5}},"loc":{"start":{"line":22,"column":27},"end":{"line":24,"column":5}},"line":22},"3":{"name":"(anonymous_3)","decl":{"start":{"line":26,"column":4},"end":{"line":26,"column":5}},"loc":{"start":{"line":26,"column":21},"end":{"line":28,"column":5}},"line":26},"4":{"name":"(anonymous_4)","decl":{"start":{"line":30,"column":4},"end":{"line":30,"column":5}},"loc":{"start":{"line":30,"column":23},"end":{"line":32,"column":5}},"line":30},"5":{"name":"(anonymous_5)","decl":{"start":{"line":34,"column":4},"end":{"line":34,"column":5}},"loc":{"start":{"line":34,"column":29},"end":{"line":36,"column":5}},"line":34},"6":{"name":"(anonymous_6)","decl":{"start":{"line":39,"column":4},"end":{"line":39,"column":5}},"loc":{"start":{"line":39,"column":28},"end":{"line":45,"column":5}},"line":39},"7":{"name":"(anonymous_7)","decl":{"start":{"line":48,"column":4},"end":{"line":48,"column":5}},"loc":{"start":{"line":48,"column":25},"end":{"line":55,"column":5}},"line":48},"8":{"name":"(anonymous_8)","decl":{"start":{"line":57,"column":4},"end":{"line":57,"column":5}},"loc":{"start":{"line":57,"column":31},"end":{"line":64,"column":5}},"line":57},"9":{"name":"(anonymous_9)","decl":{"start":{"line":66,"column":4},"end":{"line":66,"column":5}},"loc":{"start":{"line":66,"column":25},"end":{"line":73,"column":5}},"line":66},"10":{"name":"(anonymous_10)","decl":{"start":{"line":75,"column":4},"end":{"line":75,"column":5}},"loc":{"start":{"line":75,"column":27},"end":{"line":81,"column":5}},"line":75},"11":{"name":"(anonymous_11)","decl":{"start":{"line":83,"column":4},"end":{"line":83,"column":5}},"loc":{"start":{"line":83,"column":33},"end":{"line":95,"column":5}},"line":83},"12":{"name":"addGameToCollection","decl":{"start":{"line":98,"column":9},"end":{"line":98,"column":28}},"loc":{"start":{"line":98,"column":72},"end":{"line":114,"column":1}},"line":98},"13":{"name":"errorCheck","decl":{"start":{"line":116,"column":9},"end":{"line":116,"column":19}},"loc":{"start":{"line":116,"column":27},"end":{"line":123,"column":1}},"line":116}},"branchMap":{"0":{"loc":{"start":{"line":49,"column":8},"end":{"line":54,"column":9}},"type":"if","locations":[{"start":{"line":49,"column":8},"end":{"line":54,"column":9}},{"start":{"line":51,"column":15},"end":{"line":54,"column":9}}],"line":49},"1":{"loc":{"start":{"line":49,"column":12},"end":{"line":49,"column":60}},"type":"binary-expr","locations":[{"start":{"line":49,"column":12},"end":{"line":49,"column":37}},{"start":{"line":49,"column":41},"end":{"line":49,"column":60}}],"line":49},"2":{"loc":{"start":{"line":58,"column":8},"end":{"line":63,"column":9}},"type":"if","locations":[{"start":{"line":58,"column":8},"end":{"line":63,"column":9}},{"start":{"line":60,"column":15},"end":{"line":63,"column":9}}],"line":58},"3":{"loc":{"start":{"line":58,"column":12},"end":{"line":58,"column":66}},"type":"binary-expr","locations":[{"start":{"line":58,"column":12},"end":{"line":58,"column":40}},{"start":{"line":58,"column":44},"end":{"line":58,"column":66}}],"line":58},"4":{"loc":{"start":{"line":67,"column":8},"end":{"line":72,"column":9}},"type":"if","locations":[{"start":{"line":67,"column":8},"end":{"line":72,"column":9}},{"start":{"line":69,"column":15},"end":{"line":72,"column":9}}],"line":67},"5":{"loc":{"start":{"line":67,"column":12},"end":{"line":67,"column":46}},"type":"binary-expr","locations":[{"start":{"line":67,"column":12},"end":{"line":67,"column":21}},{"start":{"line":67,"column":25},"end":{"line":67,"column":46}}],"line":67},"6":{"loc":{"start":{"line":76,"column":8},"end":{"line":80,"column":9}},"type":"if","locations":[{"start":{"line":76,"column":8},"end":{"line":80,"column":9}},{"start":{"line":78,"column":15},"end":{"line":80,"column":9}}],"line":76},"7":{"loc":{"start":{"line":89,"column":8},"end":{"line":94,"column":9}},"type":"if","locations":[{"start":{"line":89,"column":8},"end":{"line":94,"column":9}},{"start":{"line":91,"column":15},"end":{"line":94,"column":9}}],"line":89},"8":{"loc":{"start":{"line":107,"column":4},"end":{"line":113,"column":5}},"type":"if","locations":[{"start":{"line":107,"column":4},"end":{"line":113,"column":5}},{"start":{"line":111,"column":11},"end":{"line":113,"column":5}}],"line":107},"9":{"loc":{"start":{"line":117,"column":4},"end":{"line":122,"column":5}},"type":"if","locations":[{"start":{"line":117,"column":4},"end":{"line":122,"column":5}},{"start":{"line":120,"column":11},"end":{"line":122,"column":5}}],"line":117}},"s":{"0":1,"1":1,"2":1,"3":1,"4":7,"5":7,"6":7,"7":7,"8":7,"9":7,"10":7,"11":7,"12":7,"13":7,"14":10,"15":10,"16":10,"17":19,"18":10,"19":7,"20":5,"21":2,"22":2,"23":7,"24":5,"25":2,"26":2,"27":7,"28":6,"29":1,"30":1,"31":7,"32":6,"33":1,"34":7,"35":7,"36":7,"37":7,"38":7,"39":7,"40":6,"41":1,"42":1,"43":4,"44":4,"45":4,"46":4,"47":4,"48":4,"49":4,"50":3,"51":3,"52":3,"53":1,"54":6,"55":1,"56":1,"57":5,"58":1,"59":1},"f":{"0":7,"1":7,"2":7,"3":7,"4":7,"5":7,"6":10,"7":7,"8":7,"9":7,"10":7,"11":7,"12":4,"13":6},"b":{"0":[5,2],"1":[7,5],"2":[5,2],"3":[7,5],"4":[6,1],"5":[7,6],"6":[6,1],"7":[6,1],"8":[3,1],"9":[1,5]},"_coverageSchema":"1a1c01bbd47fc00a2c39e90264f33305004495a9","hash":"06c0d5663cae045b5ebe5e24ed0f172b5980ca31"}
}
