TN:
SF:scriptTest.js
FN:9,(anonymous_0)
FN:18,(anonymous_1)
FN:22,(anonymous_2)
FN:26,(anonymous_3)
FN:30,(anonymous_4)
FN:34,(anonymous_5)
FN:39,(anonymous_6)
FN:48,(anonymous_7)
FN:57,(anonymous_8)
FN:66,(anonymous_9)
FN:75,(anonymous_10)
FN:83,(anonymous_11)
FN:98,addGameToCollection
FN:116,errorCheck
FNF:14
FNH:14
FNDA:7,(anonymous_0)
FNDA:7,(anonymous_1)
FNDA:7,(anonymous_2)
FNDA:7,(anonymous_3)
FNDA:7,(anonymous_4)
FNDA:7,(anonymous_5)
FNDA:10,(anonymous_6)
FNDA:7,(anonymous_7)
FNDA:7,(anonymous_8)
FNDA:7,(anonymous_9)
FNDA:7,(anonymous_10)
FNDA:7,(anonymous_11)
FNDA:4,addGameToCollection
FNDA:6,errorCheck
DA:1,1
DA:2,1
DA:3,1
DA:5,1
DA:10,7
DA:11,7
DA:12,7
DA:13,7
DA:14,7
DA:19,7
DA:23,7
DA:27,7
DA:31,7
DA:35,7
DA:40,10
DA:41,10
DA:42,19
DA:44,10
DA:49,7
DA:50,5
DA:52,2
DA:53,2
DA:58,7
DA:59,5
DA:61,2
DA:62,2
DA:67,7
DA:68,6
DA:70,1
DA:71,1
DA:76,7
DA:77,6
DA:79,1
DA:84,7
DA:85,7
DA:86,7
DA:87,7
DA:88,7
DA:89,7
DA:90,6
DA:92,1
DA:93,1
DA:99,4
DA:100,4
DA:101,4
DA:102,4
DA:103,4
DA:105,4
DA:107,4
DA:108,3
DA:109,3
DA:110,3
DA:112,1
DA:117,6
DA:118,1
DA:119,1
DA:121,5
DA:125,1
DA:127,1
LF:59
LH:59
BRDA:49,0,0,5
BRDA:49,0,1,2
BRDA:49,1,0,7
BRDA:49,1,1,5
BRDA:58,2,0,5
BRDA:58,2,1,2
BRDA:58,3,0,7
BRDA:58,3,1,5
BRDA:67,4,0,6
BRDA:67,4,1,1
BRDA:67,5,0,7
BRDA:67,5,1,6
BRDA:76,6,0,6
BRDA:76,6,1,1
BRDA:89,7,0,6
BRDA:89,7,1,1
BRDA:107,8,0,3
BRDA:107,8,1,1
BRDA:117,9,0,1
BRDA:117,9,1,5
BRF:20
BRH:20
end_of_record
